  main.cpp
C:\Users\rgo19\Documents\C++\Visual Studio\Arbol Binario\Arbol Binario\stack.h(69,13): warning C4101: 'exp': variable local sin referencia
C:\Users\rgo19\Documents\C++\Visual Studio\Arbol Binario\Arbol Binario\stack.h(64): message : al compilar la función del miembro clase plantilla "frame<T> *stack<T>::getPeek(void)"
          with
          [
              T=std::string
          ]
C:\Users\rgo19\Documents\C++\Visual Studio\Arbol Binario\Arbol Binario\main.cpp(20): message : Vea la referencia a la creación de una instancia de la función plantilla "frame<T> *stack<T>::getPeek(void)" que se está compilando
          with
          [
              T=std::string
          ]
C:\Users\rgo19\Documents\C++\Visual Studio\Arbol Binario\Arbol Binario\main.cpp(18): message : Vea la referencia a la creación de una instancia de clase plantilla "stack<T>" que se está compilando
          with
          [
              T=std::string
          ]
C:\Users\rgo19\Documents\C++\Visual Studio\Arbol Binario\Arbol Binario\Arbol.h(156,12): warning C4244: 'inicializando': conversión de 'double' a 'int'; posible pérdida de datos
C:\Users\rgo19\Documents\C++\Visual Studio\Arbol Binario\Arbol Binario\Arbol.h(153): message : al compilar la función del miembro clase plantilla "void Arbol<std::string>::Alola(Nodo<T> *)"
          with
          [
              T=std::string
          ]
C:\Users\rgo19\Documents\C++\Visual Studio\Arbol Binario\Arbol Binario\Arbol.h(150): message : Vea la referencia a la creación de una instancia de la función plantilla "void Arbol<std::string>::Alola(Nodo<T> *)" que se está compilando
          with
          [
              T=std::string
          ]
C:\Users\rgo19\Documents\C++\Visual Studio\Arbol Binario\Arbol Binario\Arbol.h(31): message : al compilar la función del miembro clase plantilla "Arbol<std::string>::Arbol(void)"
C:\Users\rgo19\Documents\C++\Visual Studio\Arbol Binario\Arbol Binario\main.cpp(13): message : Vea la referencia a la creación de una instancia de la función plantilla "Arbol<std::string>::Arbol(void)" que se está compilando
C:\Users\rgo19\Documents\C++\Visual Studio\Arbol Binario\Arbol Binario\main.cpp(13): message : Vea la referencia a la creación de una instancia de clase plantilla "Arbol<std::string>" que se está compilando
C:\Users\rgo19\Documents\C++\Visual Studio\Arbol Binario\Arbol Binario\Arbol.h(164,26): warning C4244: 'argumento': conversión de 'double' a 'std::streamsize'; posible pérdida de datos
  Arbol Binario.vcxproj -> C:\Users\rgo19\Documents\C++\Visual Studio\Arbol Binario\Debug\Arbol Binario.exe
